
X.Org X Server 1.20.13
X Protocol Version 11, Revision 0
Build Operating System: linux Ubuntu
Current Operating System: Linux iGpu10 5.15.0-84-generic #93~20.04.1-Ubuntu SMP Wed Sep 6 16:15:40 UTC 2023 x86_64
Kernel command line: BOOT_IMAGE=/boot/vmlinuz-5.15.0-84-generic root=UUID=41036eb6-2461-4f70-8ed6-669aebd6718a ro quiet splash vt.handoff=7
Build Date: 09 April 2024  01:36:10AM
xorg-server 2:1.20.13-1ubuntu1~20.04.17 (For technical support please see http://www.ubuntu.com/support) 
Current version of pixman: 0.38.4
	Before reporting problems, check http://wiki.x.org
	to make sure that you have the latest version.
Markers: (--) probed, (**) from config file, (==) default setting,
	(++) from command line, (!!) notice, (II) informational,
	(WW) warning, (EE) error, (NI) not implemented, (??) unknown.
(==) Log file: "/var/log/Xorg.0.log", Time: Mon Aug 12 05:25:41 2024
(==) Using config file: "/etc/X11/xorg.conf"
(==) Using system config directory "/usr/share/X11/xorg.conf.d"
nvLock: client timed out, taking the lock

X.Org X Server 1.20.13
X Protocol Version 11, Revision 0
Build Operating System: linux Ubuntu
Current Operating System: Linux iGpu7 5.15.0-76-generic #83~20.04.1-Ubuntu SMP Wed Jun 21 20:23:31 UTC 2023 x86_64
Kernel command line: BOOT_IMAGE=/boot/vmlinuz-5.15.0-76-generic root=UUID=b9cd8cc1-e4c5-4cbd-b7ea-087e72c49c94 ro quiet splash vt.handoff=7
Build Date: 09 April 2024  01:36:10AM
xorg-server 2:1.20.13-1ubuntu1~20.04.17 (For technical support please see http://www.ubuntu.com/support) 
Current version of pixman: 0.38.4
	Before reporting problems, check http://wiki.x.org
	to make sure that you have the latest version.
Markers: (--) probed, (**) from config file, (==) default setting,
	(++) from command line, (!!) notice, (II) informational,
	(WW) warning, (EE) error, (NI) not implemented, (??) unknown.
(==) Log file: "/var/log/Xorg.99.log", Time: Fri Sep 20 21:15:23 2024
(==) Using config file: "/etc/X11/xorg.conf"
(==) Using system config directory "/usr/share/X11/xorg.conf.d"
(EE) 
Fatal server error:
(EE) Server is already active for display 99
	If this server is no longer running, remove /tmp/.X99-lock
	and start again.
(EE) 
(EE) 
Please consult the The X.Org Foundation support 
	 at http://wiki.x.org
 for help. 
(EE) 
(II) Server terminated successfully (0). Closing log file.
nvLock: client timed out, taking the lock
_XSERVTransSocketUNIXCreateListener: ...SocketCreateListener() failed
_XSERVTransMakeAllCOTSServerListeners: server already running
(EE) 
Fatal server error:
(EE) Cannot establish any listening sockets - Make sure an X server isn't already running(EE) 
(EE) 
Please consult the The X.Org Foundation support 
	 at http://wiki.x.org
 for help. 
(EE) Please also check the log file at "/var/log/Xorg.0.log" for additional information.
(EE) 
(EE) Server terminated with error (1). Closing log file.
_XSERVTransSocketUNIXCreateListener: ...SocketCreateListener() failed
_XSERVTransMakeAllCOTSServerListeners: server already running
(EE) 
Fatal server error:
(EE) Cannot establish any listening sockets - Make sure an X server isn't already running(EE) 
(EE) 
Please consult the The X.Org Foundation support 
	 at http://wiki.x.org
 for help. 
(EE) Please also check the log file at "/var/log/Xorg.0.log" for additional information.
(EE) 
(EE) Server terminated with error (1). Closing log file.
_XSERVTransSocketUNIXCreateListener: ...SocketCreateListener() failed
_XSERVTransMakeAllCOTSServerListeners: server already running
(EE) 
Fatal server error:
(EE) Cannot establish any listening sockets - Make sure an X server isn't already running(EE) 
(EE) 
Please consult the The X.Org Foundation support 
	 at http://wiki.x.org
 for help. 
(EE) Please also check the log file at "/var/log/Xorg.0.log" for additional information.
(EE) 
(EE) Server terminated with error (1). Closing log file.
_XSERVTransSocketUNIXCreateListener: ...SocketCreateListener() failed
_XSERVTransMakeAllCOTSServerListeners: server already running
(EE) 
Fatal server error:
(EE) Cannot establish any listening sockets - Make sure an X server isn't already running(EE) 
(EE) 
Please consult the The X.Org Foundation support 
	 at http://wiki.x.org
 for help. 
(EE) Please also check the log file at "/var/log/Xorg.0.log" for additional information.
(EE) 
(EE) Server terminated with error (1). Closing log file.
_XSERVTransSocketUNIXCreateListener: ...SocketCreateListener() failed
_XSERVTransMakeAllCOTSServerListeners: server already running
(EE) 
Fatal server error:
(EE) Cannot establish any listening sockets - Make sure an X server isn't already running(EE) 
(EE) 
Please consult the The X.Org Foundation support 
	 at http://wiki.x.org
 for help. 
(EE) Please also check the log file at "/var/log/Xorg.0.log" for additional information.
(EE) 
(EE) Server terminated with error (1). Closing log file.
